[debug] [2024-02-19T20:14:31.643Z] ----------------------------------------------------------------------
[debug] [2024-02-19T20:14:31.645Z] Command:       /Users/eitan/.nvm/versions/node/v21.6.2/bin/node /Users/eitan/.nvm/versions/node/v21.6.2/bin/firebase init
[debug] [2024-02-19T20:14:31.645Z] CLI Version:   13.3.0
[debug] [2024-02-19T20:14:31.645Z] Platform:      darwin
[debug] [2024-02-19T20:14:31.645Z] Node Version:  v21.6.2
[debug] [2024-02-19T20:14:31.646Z] Time:          Mon Feb 19 2024 13:14:31 GMT-0700 (Mountain Standard Time)
[debug] [2024-02-19T20:14:31.646Z] ----------------------------------------------------------------------
[debug] 
[debug] [2024-02-19T20:14:31.677Z] > command requires scopes: ["email","openid","https://www.googleapis.com/auth/cloudplatformprojects.readonly","https://www.googleapis.com/auth/firebase","https://www.googleapis.com/auth/cloud-platform"]
[debug] [2024-02-19T20:14:31.678Z] > authorizing via signed-in user (eitanfire@gmail.com)
[info] 
     ######## #### ########  ######## ########     ###     ######  ########
     ##        ##  ##     ## ##       ##     ##  ##   ##  ##       ##
     ######    ##  ########  ######   ########  #########  ######  ######
     ##        ##  ##    ##  ##       ##     ## ##     ##       ## ##
     ##       #### ##     ## ######## ########  ##     ##  ######  ########

You're about to initialize a Firebase project in this directory:

  /Users/eitan/Desktop/🚀 Teach League

Before we get started, keep in mind:

  * You are initializing within an existing Firebase project directory

